SF:lib/src/planck_duration.dart
DA:34,2
DA:55,4
DA:56,4
DA:57,4
DA:58,4
DA:59,4
DA:60,4
DA:61,4
DA:62,4
DA:63,4
DA:64,4
DA:65,4
DA:66,4
DA:67,4
DA:68,4
DA:69,4
DA:70,4
DA:71,4
DA:72,4
DA:78,2
DA:81,3
DA:84,3
DA:87,3
DA:90,3
DA:93,3
DA:96,3
DA:99,3
DA:102,3
DA:105,3
DA:108,6
DA:111,3
DA:114,3
DA:117,3
DA:120,3
DA:123,3
DA:126,3
DA:129,3
DA:132,3
DA:134,1
DA:136,4
DA:138,1
DA:139,2
DA:149,4
LF:43
LH:43
end_of_record
SF:lib/src/simple_durations.dart
DA:28,2
DA:31,2
DA:34,2
DA:37,2
DA:40,2
DA:43,2
DA:46,2
DA:49,2
DA:52,2
DA:55,2
DA:58,2
DA:61,2
DA:64,3
DA:67,3
DA:70,3
DA:73,3
DA:77,3
DA:81,3
DA:85,3
DA:89,3
DA:92,3
DA:95,3
DA:98,3
DA:101,3
DA:104,2
DA:107,2
DA:110,2
DA:113,2
DA:116,2
DA:119,2
DA:122,2
DA:125,2
DA:128,2
DA:131,2
DA:134,2
DA:137,2
DA:140,2
DA:143,1
DA:144,2
DA:147,1
DA:148,2
DA:151,3
DA:154,3
DA:157,3
DA:160,4
DA:163,4
DA:166,4
DA:169,4
DA:172,4
DA:175,4
DA:178,4
DA:181,4
DA:184,4
DA:187,4
DA:190,1
DA:191,3
DA:194,1
DA:195,3
DA:198,1
DA:199,3
DA:202,3
DA:205,3
DA:208,3
DA:211,3
DA:214,2
DA:215,1
DA:216,2
DA:220,3
DA:223,1
DA:224,3
DA:227,1
DA:228,3
DA:231,1
DA:232,3
DA:235,4
DA:238,4
DA:241,4
DA:244,4
DA:247,4
DA:250,4
DA:253,4
DA:256,4
DA:259,2
DA:260,2
DA:261,2
DA:265,1
DA:266,4
DA:269,1
DA:270,4
DA:273,5
DA:276,5
DA:279,1
DA:280,3
DA:283,2
DA:284,3
DA:288,2
DA:289,3
DA:293,2
DA:294,3
DA:299,1
DA:300,3
LF:101
LH:101
end_of_record
