SF:/Users/jmangold/Documents/repos/mobile/easy_durations/lib/src/planck_duration.dart
DA:4,2
DA:24,2
DA:25,4
DA:26,4
DA:27,4
DA:28,4
DA:29,4
DA:30,4
DA:31,4
DA:32,4
DA:33,4
DA:34,4
DA:35,4
DA:36,4
DA:37,4
DA:38,4
DA:39,4
DA:40,4
DA:41,4
DA:42,4
DA:46,4
DA:50,2
DA:52,3
DA:54,3
DA:56,3
DA:58,3
DA:60,3
DA:62,3
DA:64,3
DA:66,3
DA:68,3
DA:70,6
DA:72,3
DA:74,3
DA:76,3
DA:78,3
DA:80,3
DA:82,3
DA:84,3
DA:86,3
DA:88,1
DA:90,4
DA:92,1
DA:93,2
DA:95,4
LF:45
LH:45
end_of_record
SF:/Users/jmangold/Documents/repos/mobile/easy_durations/lib/src/easy_durations.dart
DA:7,2
DA:8,2
DA:9,2
DA:10,2
DA:11,2
DA:12,2
DA:13,2
DA:14,2
DA:15,3
DA:16,3
DA:17,3
DA:18,3
DA:19,3
DA:20,3
DA:21,3
DA:22,3
DA:23,2
DA:24,2
DA:25,2
DA:26,2
DA:27,3
DA:28,3
DA:29,3
DA:30,3
DA:33,2
DA:34,2
DA:35,2
DA:36,2
DA:37,2
DA:38,2
DA:39,2
DA:40,2
DA:41,2
DA:42,2
DA:43,2
DA:44,2
DA:45,2
DA:48,1
DA:49,2
DA:50,1
DA:51,2
DA:52,3
DA:53,3
DA:54,3
DA:55,4
DA:56,4
DA:57,4
DA:58,4
DA:59,4
DA:60,4
DA:61,4
DA:62,4
DA:63,4
DA:64,4
DA:67,1
DA:68,3
DA:69,1
DA:70,3
DA:71,1
DA:72,3
DA:73,3
DA:74,3
DA:75,3
DA:76,3
DA:77,2
DA:78,1
DA:79,2
DA:81,3
DA:82,1
DA:83,3
DA:84,1
DA:85,3
DA:86,1
DA:87,3
DA:90,4
DA:93,4
DA:94,4
DA:95,4
DA:96,4
DA:97,4
DA:98,4
DA:99,4
DA:100,2
DA:101,2
DA:102,2
DA:104,1
DA:105,4
DA:106,1
DA:107,4
DA:108,5
DA:109,5
LF:91
LH:91
end_of_record
